<?xml version="1.0" encoding="UTF-8"?>
<testng-results skipped="0" failed="1" ignored="0" total="1" passed="0">
  <reporter-output>
  </reporter-output>
  <suite name="Suite" duration-ms="130959" started-at="2018-06-21T12:37:05Z" finished-at="2018-06-21T12:39:16Z">
    <groups>
    </groups>
    <test name="Test" duration-ms="130959" started-at="2018-06-21T12:37:05Z" finished-at="2018-06-21T12:39:16Z">
      <class name="aafly.ssm.agentmenu.test.AgentAuthenticationLoginTests">
        <test-method status="PASS" signature="initlizeExtentReportsObject()[pri:0, instance:aafly.ssm.agentmenu.test.AgentAuthenticationLoginTests@1753acfe]" name="initlizeExtentReportsObject" is-config="true" duration-ms="866" started-at="2018-06-21T18:07:05Z" finished-at="2018-06-21T18:07:05Z">
          <reporter-output>
          </reporter-output>
        </test-method> <!-- initlizeExtentReportsObject -->
        <test-method status="PASS" signature="initilizeDriver()[pri:0, instance:aafly.ssm.agentmenu.test.AgentAuthenticationLoginTests@1753acfe]" name="initilizeDriver" is-config="true" duration-ms="16924" started-at="2018-06-21T18:07:05Z" finished-at="2018-06-21T18:07:22Z">
          <reporter-output>
          </reporter-output>
        </test-method> <!-- initilizeDriver -->
        <test-method status="PASS" signature="startTest(java.lang.reflect.Method)[pri:0, instance:aafly.ssm.agentmenu.test.AgentAuthenticationLoginTests@1753acfe]" name="startTest" is-config="true" duration-ms="14816" started-at="2018-06-21T18:07:22Z" finished-at="2018-06-21T18:07:37Z">
          <params>
            <param index="0">
              <value>
                <![CDATA[public void aafly.ssm.agentmenu.test.AgentAuthenticationLoginTests.agentMenuContinueBtn() throws java.lang.InterruptedException]]>
              </value>
            </param>
          </params>
          <reporter-output>
          </reporter-output>
        </test-method> <!-- startTest -->
        <test-method status="FAIL" signature="agentMenuContinueBtn()[pri:1, instance:aafly.ssm.agentmenu.test.AgentAuthenticationLoginTests@1753acfe]" name="agentMenuContinueBtn" duration-ms="94985" started-at="2018-06-21T18:07:37Z" finished-at="2018-06-21T18:09:12Z">
          <exception class="org.openqa.selenium.TimeoutException">
            <message>
              <![CDATA[Expected condition failed: waiting for visibility of [[InternetExplorerDriver: internet explorer on WINDOWS (06d95ebd-6ae0-435b-b629-47c11b986eae)] -> xpath: //div[@class='right']/button[@class='button']] (tried for 60 second(s) with 500 MILLISECONDS interval)
Build info: version: '3.4.0', revision: 'unknown', time: 'unknown'
System info: host: 'BIA2B1SUUT', ip: '10.79.106.90', os.name: 'Windows 7', os.arch: 'amd64', os.version: '6.1', java.version: '1.8.0_121'
Driver info: org.openqa.selenium.ie.InternetExplorerDriver
Capabilities [{browserAttachTimeout=0.0, ie.enableFullPageScreenshot=true, enablePersistentHover=true, ie.forceCreateProcessApi=false, ie.forceShellWindowsApi=false, pageLoadStrategy=normal, ignoreZoomSetting=false, ie.fileUploadDialogTimeout=3000.0, version=11, platform=WINDOWS, nativeEvents=true, ie.ensureCleanSession=false, elementScrollBehavior=0.0, ie.browserCommandLineSwitches=, requireWindowFocus=false, browserName=internet explorer, initialBrowserUrl=http://localhost:41647/, javascriptEnabled=true, ignoreProtectedModeSettings=false, enableElementCacheCleanup=true, unexpectedAlertBehaviour=dismiss}]
Session ID: 06d95ebd-6ae0-435b-b629-47c11b986eae]]>
            </message>
            <full-stacktrace>
              <![CDATA[org.openqa.selenium.TimeoutException: Expected condition failed: waiting for visibility of [[InternetExplorerDriver: internet explorer on WINDOWS (06d95ebd-6ae0-435b-b629-47c11b986eae)] -> xpath: //div[@class='right']/button[@class='button']] (tried for 60 second(s) with 500 MILLISECONDS interval)
Build info: version: '3.4.0', revision: 'unknown', time: 'unknown'
System info: host: 'BIA2B1SUUT', ip: '10.79.106.90', os.name: 'Windows 7', os.arch: 'amd64', os.version: '6.1', java.version: '1.8.0_121'
Driver info: org.openqa.selenium.ie.InternetExplorerDriver
Capabilities [{browserAttachTimeout=0.0, ie.enableFullPageScreenshot=true, enablePersistentHover=true, ie.forceCreateProcessApi=false, ie.forceShellWindowsApi=false, pageLoadStrategy=normal, ignoreZoomSetting=false, ie.fileUploadDialogTimeout=3000.0, version=11, platform=WINDOWS, nativeEvents=true, ie.ensureCleanSession=false, elementScrollBehavior=0.0, ie.browserCommandLineSwitches=, requireWindowFocus=false, browserName=internet explorer, initialBrowserUrl=http://localhost:41647/, javascriptEnabled=true, ignoreProtectedModeSettings=false, enableElementCacheCleanup=true, unexpectedAlertBehaviour=dismiss}]
Session ID: 06d95ebd-6ae0-435b-b629-47c11b986eae
	at org.openqa.selenium.support.ui.WebDriverWait.timeoutException(WebDriverWait.java:80)
	at org.openqa.selenium.support.ui.FluentWait.until(FluentWait.java:232)
	at com.selenium.framework.CustomWait.forElementVisibility(CustomWait.java:22)
	at aafly.ssm.agentmenu.pages.AgentAuthentication_Login.enterMenuCode(AgentAuthentication_Login.java:127)
	at aafly.ssm.agentmenu.test.AgentAuthenticationLoginTests.agentMenuContinueBtn(AgentAuthenticationLoginTests.java:20)
	at sun.reflect.NativeMethodAccessorImpl.invoke0(Native Method)
	at sun.reflect.NativeMethodAccessorImpl.invoke(NativeMethodAccessorImpl.java:62)
	at sun.reflect.DelegatingMethodAccessorImpl.invoke(DelegatingMethodAccessorImpl.java:43)
	at java.lang.reflect.Method.invoke(Method.java:498)
	at org.testng.internal.MethodInvocationHelper.invokeMethod(MethodInvocationHelper.java:108)
	at org.testng.internal.Invoker.invokeMethod(Invoker.java:669)
	at org.testng.internal.Invoker.invokeTestMethod(Invoker.java:877)
	at org.testng.internal.Invoker.invokeTestMethods(Invoker.java:1201)
	at org.testng.internal.TestMethodWorker.invokeTestMethods(TestMethodWorker.java:125)
	at org.testng.internal.TestMethodWorker.run(TestMethodWorker.java:109)
	at org.testng.TestRunner.privateRun(TestRunner.java:776)
	at org.testng.TestRunner.run(TestRunner.java:634)
	at org.testng.SuiteRunner.runTest(SuiteRunner.java:425)
	at org.testng.SuiteRunner.runSequentially(SuiteRunner.java:420)
	at org.testng.SuiteRunner.privateRun(SuiteRunner.java:385)
	at org.testng.SuiteRunner.run(SuiteRunner.java:334)
	at org.testng.SuiteRunnerWorker.runSuite(SuiteRunnerWorker.java:52)
	at org.testng.SuiteRunnerWorker.run(SuiteRunnerWorker.java:86)
	at org.testng.TestNG.runSuitesSequentially(TestNG.java:1318)
	at org.testng.TestNG.runSuitesLocally(TestNG.java:1243)
	at org.testng.TestNG.runSuites(TestNG.java:1161)
	at org.testng.TestNG.run(TestNG.java:1129)
	at org.testng.remote.AbstractRemoteTestNG.run(AbstractRemoteTestNG.java:114)
	at org.testng.remote.RemoteTestNG.initAndRun(RemoteTestNG.java:251)
	at org.testng.remote.RemoteTestNG.main(RemoteTestNG.java:77)
]]>
            </full-stacktrace>
          </exception> <!-- org.openqa.selenium.TimeoutException -->
          <reporter-output>
          </reporter-output>
        </test-method> <!-- agentMenuContinueBtn -->
        <test-method status="PASS" signature="logResults(org.testng.ITestResult, java.lang.reflect.Method)[pri:0, instance:aafly.ssm.agentmenu.test.AgentAuthenticationLoginTests@1753acfe]" name="logResults" is-config="true" duration-ms="4174" started-at="2018-06-21T18:09:12Z" finished-at="2018-06-21T18:09:16Z">
          <params>
            <param index="0">
              <value>
                <![CDATA[[TestResult name=agentMenuContinueBtn status=FAILURE method=AgentAuthenticationLoginTests.agentMenuContinueBtn()[pri:1, instance:aafly.ssm.agentmenu.test.AgentAuthenticationLoginTests@1753acfe] output={null}]]]>
              </value>
            </param>
            <param index="1">
              <value>
                <![CDATA[public void aafly.ssm.agentmenu.test.AgentAuthenticationLoginTests.agentMenuContinueBtn() throws java.lang.InterruptedException]]>
              </value>
            </param>
          </params>
          <reporter-output>
          </reporter-output>
        </test-method> <!-- logResults -->
        <test-method status="FAIL" signature="closeApplication()[pri:0, instance:aafly.ssm.agentmenu.test.AgentAuthenticationLoginTests@1753acfe]" name="closeApplication" is-config="true" duration-ms="13109" started-at="2018-06-21T18:09:16Z" finished-at="2018-06-21T18:09:30Z">
          <exception class="java.lang.NullPointerException">
            <full-stacktrace>
              <![CDATA[java.lang.NullPointerException
	at com.selenium.framework.BaseTest.closeApplication(BaseTest.java:129)
	at sun.reflect.NativeMethodAccessorImpl.invoke0(Native Method)
	at sun.reflect.NativeMethodAccessorImpl.invoke(NativeMethodAccessorImpl.java:62)
	at sun.reflect.DelegatingMethodAccessorImpl.invoke(DelegatingMethodAccessorImpl.java:43)
	at java.lang.reflect.Method.invoke(Method.java:498)
	at org.testng.internal.MethodInvocationHelper.invokeMethod(MethodInvocationHelper.java:108)
	at org.testng.internal.Invoker.invokeConfigurationMethod(Invoker.java:523)
	at org.testng.internal.Invoker.invokeConfigurations(Invoker.java:224)
	at org.testng.internal.Invoker.invokeConfigurations(Invoker.java:146)
	at org.testng.SuiteRunner.privateRun(SuiteRunner.java:395)
	at org.testng.SuiteRunner.run(SuiteRunner.java:334)
	at org.testng.SuiteRunnerWorker.runSuite(SuiteRunnerWorker.java:52)
	at org.testng.SuiteRunnerWorker.run(SuiteRunnerWorker.java:86)
	at org.testng.TestNG.runSuitesSequentially(TestNG.java:1318)
	at org.testng.TestNG.runSuitesLocally(TestNG.java:1243)
	at org.testng.TestNG.runSuites(TestNG.java:1161)
	at org.testng.TestNG.run(TestNG.java:1129)
	at org.testng.remote.AbstractRemoteTestNG.run(AbstractRemoteTestNG.java:114)
	at org.testng.remote.RemoteTestNG.initAndRun(RemoteTestNG.java:251)
	at org.testng.remote.RemoteTestNG.main(RemoteTestNG.java:77)
]]>
            </full-stacktrace>
          </exception> <!-- java.lang.NullPointerException -->
          <reporter-output>
          </reporter-output>
        </test-method> <!-- closeApplication -->
        <test-method status="SKIP" signature="publishExtentReport()[pri:0, instance:aafly.ssm.agentmenu.test.AgentAuthenticationLoginTests@1753acfe]" name="publishExtentReport" is-config="true" duration-ms="0" started-at="2018-06-21T18:09:30Z" finished-at="2018-06-21T18:09:30Z">
          <reporter-output>
          </reporter-output>
        </test-method> <!-- publishExtentReport -->
      </class> <!-- aafly.ssm.agentmenu.test.AgentAuthenticationLoginTests -->
    </test> <!-- Test -->
  </suite> <!-- Suite -->
</testng-results>
